
 [start] - Wed Apr 21 14:12:09 EDT 2021 - started the server!
 [kill] - Thu Apr 22 12:55:51 EDT 2021 - killing process gracefully!
 [kill] - Thu Apr 22 12:55:53 EDT 2021 - killing process forcefully!
 [start] - Thu Apr 22 12:55:53 EDT 2021 - started the server!
 [kill] - Thu Apr 22 14:16:28 EDT 2021 - killing process gracefully!
 [kill] - Thu Apr 22 14:16:30 EDT 2021 - killing process forcefully!
 [start] - Thu Apr 22 14:16:30 EDT 2021 - started the server!
 [kill] - Thu Apr 22 14:19:35 EDT 2021 - killing process gracefully!
 [kill] - Thu Apr 22 14:19:37 EDT 2021 - killing process forcefully!
 [start] - Thu Apr 22 14:19:37 EDT 2021 - started the server!
 [kill] - Thu Apr 22 14:52:15 EDT 2021 - killing process gracefully!
 [kill] - Thu Apr 22 14:52:17 EDT 2021 - killing process forcefully!
 [start] - Thu Apr 22 14:52:17 EDT 2021 - started the server!
 [kill] - Thu Apr 22 14:58:09 EDT 2021 - killing process gracefully!
 [kill] - Thu Apr 22 14:58:11 EDT 2021 - killing process forcefully!
 [start] - Thu Apr 22 14:58:11 EDT 2021 - started the server!
 [kill] - Thu Apr 22 15:23:17 EDT 2021 - killing process gracefully!
 [kill] - Thu Apr 22 15:23:19 EDT 2021 - killing process forcefully!
 [start] - Thu Apr 22 15:23:19 EDT 2021 - started the server!
 [kill] - Thu Apr 22 15:37:53 EDT 2021 - killing process gracefully!
 [kill] - Thu Apr 22 15:37:55 EDT 2021 - killing process forcefully!
 [start] - Tue Apr 27 11:07:17 EDT 2021 - started the server!
 [kill] - Tue Apr 27 11:09:55 EDT 2021 - killing process gracefully!
 [kill] - Tue Apr 27 11:09:57 EDT 2021 - killing process forcefully!
 [start] - Tue Apr 27 11:09:57 EDT 2021 - started the server!
 [kill] - Tue Apr 27 13:03:47 EDT 2021 - killing process gracefully!
 [kill] - Tue Apr 27 13:03:49 EDT 2021 - killing process forcefully!
 [start] - Tue Apr 27 13:03:49 EDT 2021 - started the server!
 [kill] - Tue Apr 27 13:07:47 EDT 2021 - killing process gracefully!
 [kill] - Tue Apr 27 13:07:49 EDT 2021 - killing process forcefully!
 [start] - Tue Apr 27 13:07:49 EDT 2021 - started the server!
 [kill] - Tue Apr 27 13:26:44 EDT 2021 - killing process gracefully!
 [kill] - Tue Apr 27 13:26:46 EDT 2021 - killing process forcefully!
 [start] - Tue Apr 27 13:26:46 EDT 2021 - started the server!
 [kill] - Tue Apr 27 13:30:19 EDT 2021 - killing process gracefully!
 [kill] - Tue Apr 27 13:30:21 EDT 2021 - killing process forcefully!
 [start] - Tue Apr 27 13:30:21 EDT 2021 - started the server!
 [kill] - Tue Apr 27 13:35:04 EDT 2021 - killing process gracefully!
 [kill] - Tue Apr 27 13:35:06 EDT 2021 - killing process forcefully!
 [start] - Tue Apr 27 13:35:06 EDT 2021 - started the server!
 [kill] - Tue Apr 27 13:38:03 EDT 2021 - killing process gracefully!
 [kill] - Tue Apr 27 13:38:05 EDT 2021 - killing process forcefully!
 [start] - Tue Apr 27 13:38:05 EDT 2021 - started the server!
 [kill] - Tue Apr 27 13:39:04 EDT 2021 - killing process gracefully!
 [kill] - Tue Apr 27 13:39:06 EDT 2021 - killing process forcefully!
 [start] - Tue Apr 27 13:39:06 EDT 2021 - started the server!
 [kill] - Tue Apr 27 13:43:59 EDT 2021 - killing process gracefully!
 [kill] - Tue Apr 27 13:44:02 EDT 2021 - killing process forcefully!
 [start] - Tue Apr 27 13:44:02 EDT 2021 - started the server!
 [kill] - Tue Apr 27 15:05:10 EDT 2021 - killing process gracefully!
 [kill] - Tue Apr 27 15:05:12 EDT 2021 - killing process forcefully!
 [start] - Tue Apr 27 15:05:12 EDT 2021 - started the server!
 [kill] - Wed Apr 28 09:56:52 EDT 2021 - killing process gracefully!
 [kill] - Wed Apr 28 09:56:54 EDT 2021 - killing process forcefully!
 [start] - Wed Apr 28 09:56:54 EDT 2021 - started the server!
 [kill] - Wed Apr 28 10:10:20 EDT 2021 - killing process gracefully!
 [kill] - Wed Apr 28 10:10:22 EDT 2021 - killing process forcefully!
 [start] - Wed Apr 28 10:10:22 EDT 2021 - started the server!
 [kill] - Wed Apr 28 10:15:05 EDT 2021 - killing process gracefully!
 [kill] - Wed Apr 28 10:15:07 EDT 2021 - killing process forcefully!
 [start] - Wed Apr 28 10:15:07 EDT 2021 - started the server!
 [kill] - Wed Apr 28 10:17:56 EDT 2021 - killing process gracefully!
 [kill] - Wed Apr 28 10:17:58 EDT 2021 - killing process forcefully!
 [start] - Wed Apr 28 10:17:58 EDT 2021 - started the server!